[0;32m[2025-08-11 14:39:02][0m Starting Zettelkasten Optimization (DRY_RUN=false)
[0;32m[2025-08-11 14:39:02][0m Target directories: 02_zettelkasten/insights, 20_areas
[0;32m[2025-08-11 14:39:02][0m === Phase 1: Empty Files Cleanup and Misplacement Fix ===
[0;32m[2025-08-11 14:39:02][0m Deleting empty file: 02_zettelkasten/insights/global-challenges/Notionä½¿ã„æ–¹.md
[0;32m[2025-08-11 14:39:02][0m Deleting empty file: 20_areas/business/home-tutor/åœŸæ‰‹ã²ã¾ã‚Š.md
[0;32m[2025-08-11 14:39:02][0m Deleting empty file: 20_areas/business/home-tutor/å»£ç€¬ã“ã†.md
[0;32m[2025-08-11 14:39:02][0m Deleting empty file: 20_areas/business/home-tutor/å»£ç€¬ã‚Šã‚‡ã†.md
[0;32m[2025-08-11 14:39:02][0m Deleting empty file: 20_areas/programming/archive/AIçµŒæ¸ˆç¤¾ä¼šå­¦/ç¬¬1å›.md
[0;32m[2025-08-11 14:39:02][0m Deleting empty file: 20_areas/programming/archive/AIçµŒæ¸ˆç¤¾ä¼šå­¦/ç¬¬3å›.md
[0;32m[2025-08-11 14:39:02][0m Deleting empty file: 20_areas/programming/archive/AIçµŒæ¸ˆç¤¾ä¼šå­¦/ç¬¬4å›.md
[0;32m[2025-08-11 14:39:02][0m Deleting empty file: 20_areas/programming/archive/AIçµŒæ¸ˆç¤¾ä¼šå­¦/ç¬¬5å›.md
[0;32m[2025-08-11 14:39:02][0m Deleting empty file: 20_areas/programming/archive/AIçµŒæ¸ˆç¤¾ä¼šå­¦/ç¬¬7å›.md
[0;32m[2025-08-11 14:39:02][0m Deleting empty file: 20_areas/education/academy/ãã†ã ã£ãŸã®ã‹æ—¥æœ¬/è—¤æ²¢.md
[0;32m[2025-08-11 14:39:02][0m Creating directory: 02_zettelkasten/insights/business
[0;32m[2025-08-11 14:39:02][0m Creating directory: 02_zettelkasten/insights/personal
[0;32m[2025-08-11 14:39:02][0m Creating directory: 02_zettelkasten/insights/technical
[0;32m[2025-08-11 14:39:02][0m Creating directory: 02_zettelkasten/index
[0;32m[2025-08-11 14:39:02][0m Creating directory: 20_areas/business/startup
[0;32m[2025-08-11 14:39:02][0m Moving: 02_zettelkasten/insights/global-challenges/Untitled.md â†’ 02_zettelkasten/concepts/2025-08-11-metaverse-keywords.md
[0;32m[2025-08-11 14:39:02][0m Moving: 02_zettelkasten/insights/global-challenges/ä¿¡ä»°.md â†’ 02_zettelkasten/insights/personal/2025-08-11-faith-reflection.md
[0;32m[2025-08-11 14:39:02][0m Moving: 02_zettelkasten/insights/èµ·æ¥­ã‚¢ã‚¤ãƒ‡ã‚¢ã®å€™è£œ.md â†’ 20_areas/business/startup/startup-ideas-candidates.md
[0;32m[2025-08-11 14:39:02][0m Moving: 20_areas/business/startup-basic-plan.md â†’ 20_areas/business/startup/basic-plan.md
[0;32m[2025-08-11 14:39:02][0m Phase 1 cleanup completed
[0;32m[2025-08-11 14:39:02][0m Optimization phase 'cleanup' completed successfully
[0;32m[2025-08-11 14:39:02][0m Log file: /Users/kizuna/Obsidian/Vault/99_meta/optimization_log_20250811_143902.log
