[0;32m[2025-08-14 19:40:46][0m Starting Zettelkasten Optimization (DRY_RUN=false)
[0;32m[2025-08-14 19:40:46][0m Target directories: 02_zettelkasten/insights, 20_areas
[0;32m[2025-08-14 19:40:46][0m === Phase 1: Empty Files Cleanup and Misplacement Fix ===
[1;33m[WARNING][0m File not found: 02_zettelkasten/insights/global-challenges/Notionä½¿ã„æ–¹.md
[1;33m[WARNING][0m File not found: 20_areas/business/home-tutor/åœŸæ‰‹ã²ã¾ã‚Š.md
[1;33m[WARNING][0m File not found: 20_areas/business/home-tutor/å»£ç€¬ã“ã†.md
[1;33m[WARNING][0m File not found: 20_areas/business/home-tutor/å»£ç€¬ã‚Šã‚‡ã†.md
[1;33m[WARNING][0m File not found: 20_areas/programming/archive/AIçµŒæ¸ˆç¤¾ä¼šå­¦/ç¬¬1å›.md
[1;33m[WARNING][0m File not found: 20_areas/programming/archive/AIçµŒæ¸ˆç¤¾ä¼šå­¦/ç¬¬3å›.md
[1;33m[WARNING][0m File not found: 20_areas/programming/archive/AIçµŒæ¸ˆç¤¾ä¼šå­¦/ç¬¬4å›.md
[1;33m[WARNING][0m File not found: 20_areas/programming/archive/AIçµŒæ¸ˆç¤¾ä¼šå­¦/ç¬¬5å›.md
[1;33m[WARNING][0m File not found: 20_areas/programming/archive/AIçµŒæ¸ˆç¤¾ä¼šå­¦/ç¬¬7å›.md
[1;33m[WARNING][0m File not found: 20_areas/education/academy/ãã†ã ã£ãŸã®ã‹æ—¥æœ¬/è—¤æ²¢.md
[1;33m[WARNING][0m Source file not found: 02_zettelkasten/insights/global-challenges/Untitled.md
[1;33m[WARNING][0m Source file not found: 02_zettelkasten/insights/global-challenges/ä¿¡ä»°.md
[1;33m[WARNING][0m Source file not found: 02_zettelkasten/insights/èµ·æ¥­ã‚¢ã‚¤ãƒ‡ã‚¢ã®å€™è£œ.md
[1;33m[WARNING][0m Source file not found: 20_areas/business/startup-basic-plan.md
[0;32m[2025-08-14 19:40:46][0m Phase 1 cleanup completed
[0;32m[2025-08-14 19:40:46][0m Optimization phase 'cleanup' completed successfully
[0;32m[2025-08-14 19:40:46][0m Log file: /Users/kizuna/Obsidian/Vault/99_meta/optimization_log_20250814_194046.log
